# JRE version: OpenJDK Runtime Environment (21.0.3) (build 21.0.3+-12282718-b509.11)
# Java VM: OpenJDK 64-Bit Server VM (21.0.3+-12282718-b509.11, mixed mode, tiered, compressed oops, compressed class ptrs, g1 gc, windows-amd64)
GC Precious Log:
 CardTable entry size: 512
 Card Set container configuration: InlinePtr #cards 5 size 8 Array Of Cards #cards 12 size 40 Howl #buckets 4 coarsen threshold 1843 Howl Bitmap #cards 512 size 80 coarsen threshold 460 Card regions per heap region 1 cards per card region 2048
 CPUs: 12 total, 12 available
 Memory: 7518M
 Large Page Support: Disabled
 NUMA Support: Disabled
 Compressed Oops: Enabled (32-bit)
 Heap Region Size: 1M
 Heap Min Capacity: 8M
 Heap Initial Capacity: 118M
 Heap Max Capacity: 2G
 Pre-touch: Disabled
 Parallel Workers: 10
 Concurrent Workers: 3
 Concurrent Refinement Workers: 10
 Periodic GC: Disabled
Heap:
 garbage-first heap   total 107520K, used 45489K [0x0000000080000000, 0x0000000100000000)
  region size 1024K, 16 young (16384K), 6 survivors (6144K)
 Metaspace       used 52690K, committed 54144K, reserved 1114112K
  class space    used 7166K, committed 7872K, reserved 1048576K
GC Heap History (18 events):
Event: 1.204 GC heap before
{Heap before GC invocations=0 (full 0):
 garbage-first heap   total 120832K, used 26624K [0x0000000080000000, 0x0000000100000000)
  region size 1024K, 23 young (23552K), 0 survivors (0K)
 Metaspace       used 8300K, committed 8448K, reserved 1114112K
  class space    used 755K, committed 832K, reserved 1048576K
}
Event: 1.213 GC heap after
{Heap after GC invocations=1 (full 0):
 garbage-first heap   total 120832K, used 10240K [0x0000000080000000, 0x0000000100000000)
  region size 1024K, 3 young (3072K), 3 survivors (3072K)
 Metaspace       used 8300K, committed 8448K, reserved 1114112K
  class space    used 755K, committed 832K, reserved 1048576K
}
Event: 2.158 GC heap before
{Heap before GC invocations=1 (full 0):
 garbage-first heap   total 120832K, used 39936K [0x0000000080000000, 0x0000000100000000)
  region size 1024K, 32 young (32768K), 3 survivors (3072K)
 Metaspace       used 12050K, committed 12288K, reserved 1114112K
  class space    used 1280K, committed 1408K, reserved 1048576K
}
Event: 2.167 GC heap after
{Heap after GC invocations=2 (full 0):
 garbage-first heap   total 120832K, used 12075K [0x0000000080000000, 0x0000000100000000)
  region size 1024K, 2 young (2048K), 2 survivors (2048K)
 Metaspace       used 12050K, committed 12288K, reserved 1114112K
  class space    used 1280K, committed 1408K, reserved 1048576K
}
Event: 4.032 GC heap before
{Heap before GC invocations=2 (full 0):
 garbage-first heap   total 120832K, used 78635K [0x0000000080000000, 0x0000000100000000)
  region size 1024K, 66 young (67584K), 2 survivors (2048K)
 Metaspace       used 21199K, committed 21504K, reserved 1114112K
  class space    used 2467K, committed 2624K, reserved 1048576K
}
Event: 4.039 GC heap after
{Heap after GC invocations=3 (full 0):
 garbage-first heap   total 120832K, used 20890K [0x0000000080000000, 0x0000000100000000)
  region size 1024K, 9 young (9216K), 9 survivors (9216K)
 Metaspace       used 21199K, committed 21504K, reserved 1114112K
  class space    used 2467K, committed 2624K, reserved 1048576K
}
Event: 5.552 GC heap before
{Heap before GC invocations=4 (full 0):
 garbage-first heap   total 75776K, used 74138K [0x0000000080000000, 0x0000000100000000)
  region size 1024K, 62 young (63488K), 9 survivors (9216K)
 Metaspace       used 29988K, committed 30592K, reserved 1114112K
  class space    used 3898K, committed 4160K, reserved 1048576K
}
Event: 5.564 GC heap after
{Heap after GC invocations=5 (full 0):
 garbage-first heap   total 89088K, used 24371K [0x0000000080000000, 0x0000000100000000)
  region size 1024K, 4 young (4096K), 4 survivors (4096K)
 Metaspace       used 29988K, committed 30592K, reserved 1114112K
  class space    used 3898K, committed 4160K, reserved 1048576K
}
Event: 6.531 GC heap before
{Heap before GC invocations=5 (full 0):
 garbage-first heap   total 89088K, used 63283K [0x0000000080000000, 0x0000000100000000)
  region size 1024K, 43 young (44032K), 4 survivors (4096K)
 Metaspace       used 35269K, committed 36096K, reserved 1114112K
  class space    used 4770K, committed 5184K, reserved 1048576K
}
Event: 6.537 GC heap after
{Heap after GC invocations=6 (full 0):
 garbage-first heap   total 89088K, used 26516K [0x0000000080000000, 0x0000000100000000)
  region size 1024K, 6 young (6144K), 6 survivors (6144K)
 Metaspace       used 35269K, committed 36096K, reserved 1114112K
  class space    used 4770K, committed 5184K, reserved 1048576K
}
Event: 6.607 GC heap before
{Heap before GC invocations=6 (full 0):
 garbage-first heap   total 89088K, used 28564K [0x0000000080000000, 0x0000000100000000)
  region size 1024K, 9 young (9216K), 6 survivors (6144K)
 Metaspace       used 35599K, committed 36416K, reserved 1114112K
  class space    used 4844K, committed 5248K, reserved 1048576K
}
Event: 6.613 GC heap after
{Heap after GC invocations=7 (full 0):
 garbage-first heap   total 89088K, used 26731K [0x0000000080000000, 0x0000000100000000)
  region size 1024K, 3 young (3072K), 3 survivors (3072K)
 Metaspace       used 35599K, committed 36416K, reserved 1114112K
  class space    used 4844K, committed 5248K, reserved 1048576K
}
Event: 7.745 GC heap before
{Heap before GC invocations=8 (full 0):
 garbage-first heap   total 89088K, used 71787K [0x0000000080000000, 0x0000000100000000)
  region size 1024K, 47 young (48128K), 3 survivors (3072K)
 Metaspace       used 43692K, committed 44864K, reserved 1114112K
  class space    used 5912K, committed 6528K, reserved 1048576K
}
Event: 7.752 GC heap after
{Heap after GC invocations=9 (full 0):
 garbage-first heap   total 89088K, used 30281K [0x0000000080000000, 0x0000000100000000)
  region size 1024K, 6 young (6144K), 6 survivors (6144K)
 Metaspace       used 43692K, committed 44864K, reserved 1114112K
  class space    used 5912K, committed 6528K, reserved 1048576K
}
Event: 8.269 GC heap before
{Heap before GC invocations=9 (full 0):
 garbage-first heap   total 89088K, used 73289K [0x0000000080000000, 0x0000000100000000)
  region size 1024K, 49 young (50176K), 6 survivors (6144K)
 Metaspace       used 46339K, committed 47552K, reserved 1114112K
  class space    used 6252K, committed 6848K, reserved 1048576K
}
Event: 8.275 GC heap after
{Heap after GC invocations=10 (full 0):
 garbage-first heap   total 89088K, used 32846K [0x0000000080000000, 0x0000000100000000)
  region size 1024K, 3 young (3072K), 3 survivors (3072K)
 Metaspace       used 46339K, committed 47552K, reserved 1114112K
  class space    used 6252K, committed 6848K, reserved 1048576K
}
Event: 9.225 GC heap before
{Heap before GC invocations=10 (full 0):
 garbage-first heap   total 89088K, used 74830K [0x0000000080000000, 0x0000000100000000)
  region size 1024K, 44 young (45056K), 3 survivors (3072K)
 Metaspace       used 50671K, committed 52096K, reserved 1114112K
  class space    used 6982K, committed 7680K, reserved 1048576K
}
Event: 9.230 GC heap after
{Heap after GC invocations=11 (full 0):
 garbage-first heap   total 107520K, used 35249K [0x0000000080000000, 0x0000000100000000)
  region size 1024K, 6 young (6144K), 6 survivors (6144K)
 Metaspace       used 50671K, committed 52096K, reserved 1114112K
  class space    used 6982K, committed 7680K, reserved 1048576K
}

